# JRE version: Java(TM) SE Runtime Environment (8.0_131-b11) (build 1.8.0_131-b11)
# Java VM: Java HotSpot(TM) 64-Bit Server VM (25.131-b11 mixed mode linux-amd64 compressed oops)
Heap:
 PSYoungGen      total 70144K, used 41762K [0x00000000ec780000, 0x00000000f3200000, 0x0000000100000000)
  eden space 61440K, 59% used [0x00000000ec780000,0x00000000eeafa0e8,0x00000000f0380000)
  from space 8704K, 62% used [0x00000000f0380000,0x00000000f08ce920,0x00000000f0c00000)
  to   space 8192K, 0% used [0x00000000f2a00000,0x00000000f2a00000,0x00000000f3200000)
 ParOldGen       total 44032K, used 15558K [0x00000000c5600000, 0x00000000c8100000, 0x00000000ec780000)
  object space 44032K, 35% used [0x00000000c5600000,0x00000000c6531b08,0x00000000c8100000)
 Metaspace       used 26096K, capacity 26430K, committed 26752K, reserved 1073152K
  class space    used 3238K, capacity 3352K, committed 3456K, reserved 1048576K
GC Heap History (10 events):
Event: 2,154 GC heap before
{Heap before GC invocations=4 (full 0):
 PSYoungGen      total 17920K, used 17889K [0x00000000ec780000, 0x00000000eea80000, 0x0000000100000000)
  eden space 15360K, 100% used [0x00000000ec780000,0x00000000ed680000,0x00000000ed680000)
  from space 2560K, 98% used [0x00000000ed680000,0x00000000ed8f8570,0x00000000ed900000)
  to   space 2560K, 0% used [0x00000000ee800000,0x00000000ee800000,0x00000000eea80000)
 ParOldGen       total 40960K, used 5326K [0x00000000c5600000, 0x00000000c7e00000, 0x00000000ec780000)
  object space 40960K, 13% used [0x00000000c5600000,0x00000000c5b33ac0,0x00000000c7e00000)
 Metaspace       used 13488K, capacity 13602K, committed 13696K, reserved 1060864K
  class space    used 1643K, capacity 1655K, committed 1664K, reserved 1048576K
Event: 2,168 GC heap after
Heap after GC invocations=4 (full 0):
 PSYoungGen      total 33280K, used 2544K [0x00000000ec780000, 0x00000000eea80000, 0x0000000100000000)
  eden space 30720K, 0% used [0x00000000ec780000,0x00000000ec780000,0x00000000ee580000)
  from space 2560K, 99% used [0x00000000ee800000,0x00000000eea7c010,0x00000000eea80000)
  to   space 2560K, 0% used [0x00000000ee580000,0x00000000ee580000,0x00000000ee800000)
 ParOldGen       total 40960K, used 7860K [0x00000000c5600000, 0x00000000c7e00000, 0x00000000ec780000)
  object space 40960K, 19% used [0x00000000c5600000,0x00000000c5dad318,0x00000000c7e00000)
 Metaspace       used 13488K, capacity 13602K, committed 13696K, reserved 1060864K
  class space    used 1643K, capacity 1655K, committed 1664K, reserved 1048576K
}
Event: 3,215 GC heap before
{Heap before GC invocations=5 (full 0):
 PSYoungGen      total 33280K, used 33264K [0x00000000ec780000, 0x00000000eea80000, 0x0000000100000000)
  eden space 30720K, 100% used [0x00000000ec780000,0x00000000ee580000,0x00000000ee580000)
  from space 2560K, 99% used [0x00000000ee800000,0x00000000eea7c010,0x00000000eea80000)
  to   space 2560K, 0% used [0x00000000ee580000,0x00000000ee580000,0x00000000ee800000)
 ParOldGen       total 40960K, used 7860K [0x00000000c5600000, 0x00000000c7e00000, 0x00000000ec780000)
  object space 40960K, 19% used [0x00000000c5600000,0x00000000c5dad318,0x00000000c7e00000)
 Metaspace       used 17748K, capacity 17958K, committed 18176K, reserved 1064960K
  class space    used 2143K, capacity 2189K, committed 2304K, reserved 1048576K
Event: 3,256 GC heap after
Heap after GC invocations=5 (full 0):
 PSYoungGen      total 33280K, used 2544K [0x00000000ec780000, 0x00000000f1480000, 0x0000000100000000)
  eden space 30720K, 0% used [0x00000000ec780000,0x00000000ec780000,0x00000000ee580000)
  from space 2560K, 99% used [0x00000000ee580000,0x00000000ee7fc010,0x00000000ee800000)
  to   space 8704K, 0% used [0x00000000f0c00000,0x00000000f0c00000,0x00000000f1480000)
 ParOldGen       total 40960K, used 12460K [0x00000000c5600000, 0x00000000c7e00000, 0x00000000ec780000)
  object space 40960K, 30% used [0x00000000c5600000,0x00000000c622b190,0x00000000c7e00000)
 Metaspace       used 17748K, capacity 17958K, committed 18176K, reserved 1064960K
  class space    used 2143K, capacity 2189K, committed 2304K, reserved 1048576K
}
Event: 3,942 GC heap before
{Heap before GC invocations=6 (full 0):
 PSYoungGen      total 33280K, used 32571K [0x00000000ec780000, 0x00000000f1480000, 0x0000000100000000)
  eden space 30720K, 97% used [0x00000000ec780000,0x00000000ee4d2d48,0x00000000ee580000)
  from space 2560K, 99% used [0x00000000ee580000,0x00000000ee7fc010,0x00000000ee800000)
  to   space 8704K, 0% used [0x00000000f0c00000,0x00000000f0c00000,0x00000000f1480000)
 ParOldGen       total 40960K, used 12460K [0x00000000c5600000, 0x00000000c7e00000, 0x00000000ec780000)
  object space 40960K, 30% used [0x00000000c5600000,0x00000000c622b190,0x00000000c7e00000)
 Metaspace       used 20921K, capacity 21174K, committed 21296K, reserved 1069056K
  class space    used 2537K, capacity 2636K, committed 2688K, reserved 1048576K
Event: 3,961 GC heap after
Heap after GC invocations=6 (full 0):
 PSYoungGen      total 70144K, used 5865K [0x00000000ec780000, 0x00000000f1480000, 0x0000000100000000)
  eden space 61440K, 0% used [0x00000000ec780000,0x00000000ec780000,0x00000000f0380000)
  from space 8704K, 67% used [0x00000000f0c00000,0x00000000f11ba598,0x00000000f1480000)
  to   space 8704K, 0% used [0x00000000f0380000,0x00000000f0380000,0x00000000f0c00000)
 ParOldGen       total 40960K, used 12468K [0x00000000c5600000, 0x00000000c7e00000, 0x00000000ec780000)
  object space 40960K, 30% used [0x00000000c5600000,0x00000000c622d190,0x00000000c7e00000)
 Metaspace       used 20921K, capacity 21174K, committed 21296K, reserved 1069056K
  class space    used 2537K, capacity 2636K, committed 2688K, reserved 1048576K
}
Event: 3,961 GC heap before
{Heap before GC invocations=7 (full 1):
 PSYoungGen      total 70144K, used 5865K [0x00000000ec780000, 0x00000000f1480000, 0x0000000100000000)
  eden space 61440K, 0% used [0x00000000ec780000,0x00000000ec780000,0x00000000f0380000)
  from space 8704K, 67% used [0x00000000f0c00000,0x00000000f11ba598,0x00000000f1480000)
  to   space 8704K, 0% used [0x00000000f0380000,0x00000000f0380000,0x00000000f0c00000)
 ParOldGen       total 40960K, used 12468K [0x00000000c5600000, 0x00000000c7e00000, 0x00000000ec780000)
  object space 40960K, 30% used [0x00000000c5600000,0x00000000c622d190,0x00000000c7e00000)
 Metaspace       used 20921K, capacity 21174K, committed 21296K, reserved 1069056K
  class space    used 2537K, capacity 2636K, committed 2688K, reserved 1048576K
Event: 4,060 GC heap after
Heap after GC invocations=7 (full 1):
 PSYoungGen      total 70144K, used 0K [0x00000000ec780000, 0x00000000f1480000, 0x0000000100000000)
  eden space 61440K, 0% used [0x00000000ec780000,0x00000000ec780000,0x00000000f0380000)
  from space 8704K, 0% used [0x00000000f0c00000,0x00000000f0c00000,0x00000000f1480000)
  to   space 8704K, 0% used [0x00000000f0380000,0x00000000f0380000,0x00000000f0c00000)
 ParOldGen       total 44032K, used 15550K [0x00000000c5600000, 0x00000000c8100000, 0x00000000ec780000)
  object space 44032K, 35% used [0x00000000c5600000,0x00000000c652fb08,0x00000000c8100000)
 Metaspace       used 20921K, capacity 21174K, committed 21296K, reserved 1069056K
  class space    used 2537K, capacity 2636K, committed 2688K, reserved 1048576K
}
Event: 5,560 GC heap before
{Heap before GC invocations=8 (full 1):
 PSYoungGen      total 70144K, used 61440K [0x00000000ec780000, 0x00000000f1480000, 0x0000000100000000)
  eden space 61440K, 100% used [0x00000000ec780000,0x00000000f0380000,0x00000000f0380000)
  from space 8704K, 0% used [0x00000000f0c00000,0x00000000f0c00000,0x00000000f1480000)
  to   space 8704K, 0% used [0x00000000f0380000,0x00000000f0380000,0x00000000f0c00000)
 ParOldGen       total 44032K, used 15550K [0x00000000c5600000, 0x00000000c8100000, 0x00000000ec780000)
  object space 44032K, 35% used [0x00000000c5600000,0x00000000c652fb08,0x00000000c8100000)
 Metaspace       used 24574K, capacity 24846K, committed 25216K, reserved 1071104K
  class space    used 3009K, capacity 3088K, committed 3200K, reserved 1048576K
Event: 5,578 GC heap after
Heap after GC invocations=8 (full 1):
 PSYoungGen      total 70144K, used 5434K [0x00000000ec780000, 0x00000000f3200000, 0x0000000100000000)
  eden space 61440K, 0% used [0x00000000ec780000,0x00000000ec780000,0x00000000f0380000)
  from space 8704K, 62% used [0x00000000f0380000,0x00000000f08ce920,0x00000000f0c00000)
  to   space 8192K, 0% used [0x00000000f2a00000,0x00000000f2a00000,0x00000000f3200000)
 ParOldGen       total 44032K, used 15558K [0x00000000c5600000, 0x00000000c8100000, 0x00000000ec780000)
  object space 44032K, 35% used [0x00000000c5600000,0x00000000c6531b08,0x00000000c8100000)
 Metaspace       used 24574K, capacity 24846K, committed 25216K, reserved 1071104K
  class space    used 3009K, capacity 3088K, committed 3200K, reserved 1048576K
}

